Warning: Shuffle Join JOIN[14][tables = [$hdt$_0, $hdt$_1]] in Work 'Reducer 3' is a cross product
PREHOOK: query: explain select * from (select avg(key) from src) keyTmp,(select count(value) from src) valueTmp
PREHOOK: type: QUERY
POSTHOOK: query: explain select * from (select avg(key) from src) keyTmp,(select count(value) from src) valueTmp
POSTHOOK: type: QUERY
STAGE DEPENDENCIES:
  Stage-1 is a root stage
  Stage-0 depends on stages: Stage-1

STAGE PLANS:
  Stage: Stage-1
    Spark
      Edges:
        Reducer 2 <- Map 1 (GROUP, 1)
        Reducer 3 <- Reducer 2 (PARTITION-LEVEL SORT, 1), Reducer 5 (PARTITION-LEVEL SORT, 1)
        Reducer 5 <- Map 4 (GROUP, 1)
#### A masked pattern was here ####
      Vertices:
        Map 1 
            Map Operator Tree:
                TableScan
                  alias: src
                  Statistics: Num rows: 500 Data size: 5312 Basic stats: COMPLETE Column stats: NONE
                  Select Operator
                    expressions: key (type: string)
                    outputColumnNames: key
                    Statistics: Num rows: 500 Data size: 5312 Basic stats: COMPLETE Column stats: NONE
                    Group By Operator
                      aggregations: avg(key)
                      mode: hash
                      outputColumnNames: _col0
                      Statistics: Num rows: 1 Data size: 256 Basic stats: COMPLETE Column stats: NONE
                      Reduce Output Operator
                        sort order: 
                        Statistics: Num rows: 1 Data size: 256 Basic stats: COMPLETE Column stats: NONE
                        value expressions: _col0 (type: struct<count:bigint,sum:double,input:string>)
        Map 4 
            Map Operator Tree:
                TableScan
                  alias: src
                  Statistics: Num rows: 500 Data size: 5312 Basic stats: COMPLETE Column stats: NONE
                  Select Operator
                    expressions: value (type: string)
                    outputColumnNames: value
                    Statistics: Num rows: 500 Data size: 5312 Basic stats: COMPLETE Column stats: NONE
                    Group By Operator
                      aggregations: count(value)
                      mode: hash
                      outputColumnNames: _col0
                      Statistics: Num rows: 1 Data size: 8 Basic stats: COMPLETE Column stats: NONE
                      Reduce Output Operator
                        sort order: 
                        Statistics: Num rows: 1 Data size: 8 Basic stats: COMPLETE Column stats: NONE
                        value expressions: _col0 (type: bigint)
        Reducer 2 
            Reduce Operator Tree:
              Group By Operator
                aggregations: avg(VALUE._col0)
                mode: mergepartial
                outputColumnNames: _col0
                Statistics: Num rows: 1 Data size: 256 Basic stats: COMPLETE Column stats: NONE
                Reduce Output Operator
                  sort order: 
                  Statistics: Num rows: 1 Data size: 256 Basic stats: COMPLETE Column stats: NONE
                  value expressions: _col0 (type: double)
        Reducer 3 
            Reduce Operator Tree:
              Join Operator
                condition map:
                     Inner Join 0 to 1
                keys:
                  0 
                  1 
                outputColumnNames: _col0, _col1
                Statistics: Num rows: 1 Data size: 265 Basic stats: COMPLETE Column stats: NONE
                File Output Operator
                  compressed: false
                  Statistics: Num rows: 1 Data size: 265 Basic stats: COMPLETE Column stats: NONE
                  table:
                      input format: org.apache.hadoop.mapred.SequenceFileInputFormat
                      output format: org.apache.hadoop.hive.ql.io.HiveSequenceFileOutputFormat
                      serde: org.apache.hadoop.hive.serde2.lazy.LazySimpleSerDe
        Reducer 5 
            Reduce Operator Tree:
              Group By Operator
                aggregations: count(VALUE._col0)
                mode: mergepartial
                outputColumnNames: _col0
                Statistics: Num rows: 1 Data size: 8 Basic stats: COMPLETE Column stats: NONE
                Reduce Output Operator
                  sort order: 
                  Statistics: Num rows: 1 Data size: 8 Basic stats: COMPLETE Column stats: NONE
                  value expressions: _col0 (type: bigint)

  Stage: Stage-0
    Fetch Operator
      limit: -1
      Processor Tree:
        ListSink

Warning: Shuffle Join JOIN[14][tables = [$hdt$_0, $hdt$_1]] in Work 'Reducer 3' is a cross product
PREHOOK: query: select * from (select avg(key) from src) keyTmp,(select count(value) from src) valueTmp
PREHOOK: type: QUERY
PREHOOK: Input: default@src
PREHOOK: Output: hdfs://### HDFS PATH ###
POSTHOOK: query: select * from (select avg(key) from src) keyTmp,(select count(value) from src) valueTmp
POSTHOOK: type: QUERY
POSTHOOK: Input: default@src
POSTHOOK: Output: hdfs://### HDFS PATH ###
260.182	500
Warning: Shuffle Join JOIN[14][tables = [$hdt$_0, $hdt$_1]] in Work 'Reducer 3' is a cross product
PREHOOK: query: explain select * from (select avg(key) from src) keyTmp,(select count(value) from src) valueTmp
PREHOOK: type: QUERY
POSTHOOK: query: explain select * from (select avg(key) from src) keyTmp,(select count(value) from src) valueTmp
POSTHOOK: type: QUERY
STAGE DEPENDENCIES:
  Stage-1 is a root stage
  Stage-0 depends on stages: Stage-1

STAGE PLANS:
  Stage: Stage-1
    Spark
      Edges:
        Reducer 2 <- Map 1 (GROUP, 1)
        Reducer 3 <- Reducer 2 (PARTITION-LEVEL SORT, 1), Reducer 5 (PARTITION-LEVEL SORT, 1)
        Reducer 5 <- Map 4 (GROUP, 1)
#### A masked pattern was here ####
      Vertices:
        Map 1 
            Map Operator Tree:
                TableScan
                  alias: src
                  Statistics: Num rows: 500 Data size: 5312 Basic stats: COMPLETE Column stats: NONE
                  Select Operator
                    expressions: key (type: string)
                    outputColumnNames: key
                    Statistics: Num rows: 500 Data size: 5312 Basic stats: COMPLETE Column stats: NONE
                    Group By Operator
                      aggregations: avg(key)
                      mode: hash
                      outputColumnNames: _col0
                      Statistics: Num rows: 1 Data size: 256 Basic stats: COMPLETE Column stats: NONE
                      Reduce Output Operator
                        sort order: 
                        Statistics: Num rows: 1 Data size: 256 Basic stats: COMPLETE Column stats: NONE
                        value expressions: _col0 (type: struct<count:bigint,sum:double,input:string>)
        Map 4 
            Map Operator Tree:
                TableScan
                  alias: src
                  Statistics: Num rows: 500 Data size: 5312 Basic stats: COMPLETE Column stats: NONE
                  Select Operator
                    expressions: value (type: string)
                    outputColumnNames: value
                    Statistics: Num rows: 500 Data size: 5312 Basic stats: COMPLETE Column stats: NONE
                    Group By Operator
                      aggregations: count(value)
                      mode: hash
                      outputColumnNames: _col0
                      Statistics: Num rows: 1 Data size: 8 Basic stats: COMPLETE Column stats: NONE
                      Reduce Output Operator
                        sort order: 
                        Statistics: Num rows: 1 Data size: 8 Basic stats: COMPLETE Column stats: NONE
                        value expressions: _col0 (type: bigint)
        Reducer 2 
            Reduce Operator Tree:
              Group By Operator
                aggregations: avg(VALUE._col0)
                mode: mergepartial
                outputColumnNames: _col0
                Statistics: Num rows: 1 Data size: 256 Basic stats: COMPLETE Column stats: NONE
                Reduce Output Operator
                  sort order: 
                  Statistics: Num rows: 1 Data size: 256 Basic stats: COMPLETE Column stats: NONE
                  value expressions: _col0 (type: double)
        Reducer 3 
            Reduce Operator Tree:
              Join Operator
                condition map:
                     Inner Join 0 to 1
                keys:
                  0 
                  1 
                outputColumnNames: _col0, _col1
                Statistics: Num rows: 1 Data size: 265 Basic stats: COMPLETE Column stats: NONE
                File Output Operator
                  compressed: false
                  Statistics: Num rows: 1 Data size: 265 Basic stats: COMPLETE Column stats: NONE
                  table:
                      input format: org.apache.hadoop.mapred.SequenceFileInputFormat
                      output format: org.apache.hadoop.hive.ql.io.HiveSequenceFileOutputFormat
                      serde: org.apache.hadoop.hive.serde2.lazy.LazySimpleSerDe
        Reducer 5 
            Reduce Operator Tree:
              Group By Operator
                aggregations: count(VALUE._col0)
                mode: mergepartial
                outputColumnNames: _col0
                Statistics: Num rows: 1 Data size: 8 Basic stats: COMPLETE Column stats: NONE
                Reduce Output Operator
                  sort order: 
                  Statistics: Num rows: 1 Data size: 8 Basic stats: COMPLETE Column stats: NONE
                  value expressions: _col0 (type: bigint)

  Stage: Stage-0
    Fetch Operator
      limit: -1
      Processor Tree:
        ListSink

Warning: Shuffle Join JOIN[14][tables = [$hdt$_0, $hdt$_1]] in Work 'Reducer 3' is a cross product
PREHOOK: query: select * from (select avg(key) from src) keyTmp,(select count(value) from src) valueTmp
PREHOOK: type: QUERY
PREHOOK: Input: default@src
PREHOOK: Output: hdfs://### HDFS PATH ###
POSTHOOK: query: select * from (select avg(key) from src) keyTmp,(select count(value) from src) valueTmp
POSTHOOK: type: QUERY
POSTHOOK: Input: default@src
POSTHOOK: Output: hdfs://### HDFS PATH ###
260.182	500
